<?xml version="1.0" encoding="UTF-8"?>
<!-- Generated by org.testng.reporters.JUnitXMLReporter -->
<testsuite ignored="0" hostname="03RNBL-1TF9JM3" failures="0" tests="2" name="Default test" time="64.019" errors="0" timestamp="03 Oct 2022 11:20:01 GMT">
  <testcase classname="com.qa.YourLogo_Assessment.TC4_SignIn_using_credentials" name="TestCase4_SignIn_using_credentials" time="8.174"/>
  <testcase classname="com.qa.YourLogo_Assessment.TC5_Cart_Validation" name="TestCase5_Cart_Validation" time="15.585"/>
</testsuite> <!-- Default test -->
