<?xml version="1.0" encoding="UTF-8"?>
<!-- Generated by org.testng.reporters.JUnitXMLReporter -->
<testsuite ignored="0" hostname="03RNBL-1TF9JM3" failures="0" tests="2" name="TC2_MultipleSearch" time="16.239" errors="0" timestamp="03 Oct 2022 12:41:06 GMT">
  <testcase classname="com.qa.YourLogo_Assessment.TC1_SearchAndVerify" name="TestCase1_PerformSearchAndValidate" time="1.778"/>
  <testcase classname="com.qa.YourLogo_Assessment.TC2_MultipleSearch" name="TestCase2_MultipleSearch" time="7.384"/>
</testsuite> <!-- TC2_MultipleSearch -->
