<?xml version="1.0" encoding="UTF-8"?>
<!-- Generated by org.testng.reporters.JUnitXMLReporter -->
<testsuite ignored="0" hostname="03RNBL-1TF9JM3" failures="0" tests="2" name="TC3_DataDrivenApproachUsingExcel" time="15.168" errors="0" timestamp="03 Oct 2022 12:41:21 GMT">
  <testcase classname="com.qa.YourLogo_Assessment.TC1_SearchAndVerify" name="TestCase1_PerformSearchAndValidate" time="2.609"/>
  <testcase classname="com.qa.YourLogo_Assessment.TC3_DataDrivenApproachUsingExcel" name="TeastCase3_DataDrivenApproachUsingExcel" time="3.427"/>
</testsuite> <!-- TC3_DataDrivenApproachUsingExcel -->
