<?xml version="1.0" encoding="UTF-8"?>
<!-- Generated by org.testng.reporters.JUnitXMLReporter -->
<testsuite ignored="0" hostname="03RNBL-1TF9JM3" failures="0" tests="2" name="TC5_Cart_Validation" time="40.211" errors="0" timestamp="03 Oct 2022 12:42:14 GMT">
  <testcase classname="com.qa.YourLogo_Assessment.TC4_SignIn_using_credentials" name="TestCase4_SignIn_using_credentials" time="5.558"/>
  <testcase classname="com.qa.YourLogo_Assessment.TC5_Cart_Validation" name="TestCase5_Cart_Validation" time="24.803"/>
</testsuite> <!-- TC5_Cart_Validation -->
