<?xml version="1.0" encoding="UTF-8"?>
<!-- Generated by org.testng.reporters.JUnitXMLReporter -->
<testsuite ignored="0" hostname="03RNBL-1TF9JM3" failures="0" tests="11" name="TC6_MenuNavigation" time="50.886" errors="0" timestamp="03 Oct 2022 12:43:05 GMT">
  <testcase classname="com.qa.YourLogo_Assessment.TC6_MenuNavigation" name="verifyHoveringWomanMenu" time="0.154"/>
  <testcase classname="com.qa.YourLogo_Assessment.TC6_MenuNavigation" name="verifyHoveringDressesMenu" time="0.142"/>
  <testcase classname="com.qa.YourLogo_Assessment.TC6_MenuNavigation" name="verifyClickOnTshirtsMenu" time="7.46"/>
  <testcase classname="com.qa.YourLogo_Assessment.TC6_MenuNavigation" name="verifyClickOnTshirtsSubMenu_Under_Women_Menu" time="3.815"/>
  <testcase classname="com.qa.YourLogo_Assessment.TC6_MenuNavigation" name="verifyClickOnBlousesSubMenu_Under_Women_Menu" time="3.533"/>
  <testcase classname="com.qa.YourLogo_Assessment.TC6_MenuNavigation" name="verifyClickOn_CasualDresses_submenu_Under_Women_Menu" time="2.101"/>
  <testcase classname="com.qa.YourLogo_Assessment.TC6_MenuNavigation" name="verifyClickOn_EveningDresses_submenu_Under_Women_Menu" time="2.643"/>
  <testcase classname="com.qa.YourLogo_Assessment.TC6_MenuNavigation" name="verifyClickOn_SummerDresses_submenu_Under_Women_Menu" time="3.03"/>
  <testcase classname="com.qa.YourLogo_Assessment.TC6_MenuNavigation" name="verifyClickOn_CasualDresses_submenu_Under_Dresses_Menu" time="2.073"/>
  <testcase classname="com.qa.YourLogo_Assessment.TC6_MenuNavigation" name="verifyClickOn_EveningDresses_submenu_Under_Dresses_Menu" time="2.117"/>
  <testcase classname="com.qa.YourLogo_Assessment.TC6_MenuNavigation" name="verifyClickOn_SummerDresses_submenu_Under_Dresses_Menu" time="3.336"/>
</testsuite> <!-- TC6_MenuNavigation -->
